<?xml version="1.0" encoding="UTF-8"?>
<testsuite name="com.theironyard.PitchesBeTrippinApplicationTests" tests="1" skipped="0" failures="0" errors="0" timestamp="2016-07-15T18:25:56" hostname="Alexanders-MacBook-Pro.local" time="0.005">
  <properties/>
  <testcase name="contextLoads" classname="com.theironyard.PitchesBeTrippinApplicationTests" time="0.005"/>
  <system-out><![CDATA[14:25:46.354 [Test worker] DEBUG org.springframework.test.context.junit4.SpringJUnit4ClassRunner - SpringJUnit4ClassRunner constructor called with [class com.theironyard.PitchesBeTrippinApplicationTests]
14:25:46.362 [Test worker] DEBUG org.springframework.test.context.BootstrapUtils - Instantiating CacheAwareContextLoaderDelegate from class [org.springframework.test.context.cache.DefaultCacheAwareContextLoaderDelegate]
14:25:46.376 [Test worker] DEBUG org.springframework.test.context.BootstrapUtils - Instantiating BootstrapContext using constructor [public org.springframework.test.context.support.DefaultBootstrapContext(java.lang.Class,org.springframework.test.context.CacheAwareContextLoaderDelegate)]
14:25:46.402 [Test worker] DEBUG org.springframework.test.context.BootstrapUtils - Instantiating TestContextBootstrapper for test class [com.theironyard.PitchesBeTrippinApplicationTests] from class [org.springframework.test.context.web.WebTestContextBootstrapper]
14:25:46.438 [Test worker] DEBUG org.springframework.test.context.web.WebTestContextBootstrapper - Found explicit ContextLoader class [org.springframework.boot.test.SpringApplicationContextLoader] for context configuration attributes [ContextConfigurationAttributes@523c4fe declaringClass = 'com.theironyard.PitchesBeTrippinApplicationTests', classes = '{class com.theironyard.PitchesBeTrippinApplication}', locations = '{}', inheritLocations = true, initializers = '{}', inheritInitializers = true, name = [null], contextLoaderClass = 'org.springframework.boot.test.SpringApplicationContextLoader']
14:25:46.451 [Test worker] DEBUG org.springframework.test.context.support.AbstractContextLoader - Did not detect default resource location for test class [com.theironyard.PitchesBeTrippinApplicationTests]: class path resource [com/theironyard/PitchesBeTrippinApplicationTests-context.xml] does not exist
14:25:46.452 [Test worker] DEBUG org.springframework.test.context.support.AbstractContextLoader - Did not detect default resource location for test class [com.theironyard.PitchesBeTrippinApplicationTests]: class path resource [com/theironyard/PitchesBeTrippinApplicationTestsContext.groovy] does not exist
14:25:46.452 [Test worker] INFO org.springframework.test.context.support.AbstractContextLoader - Could not detect default resource locations for test class [com.theironyard.PitchesBeTrippinApplicationTests]: no resource found for suffixes {-context.xml, Context.groovy}.
14:25:46.454 [Test worker] DEBUG org.springframework.test.context.support.ActiveProfilesUtils - Could not find an 'annotation declaring class' for annotation type [org.springframework.test.context.ActiveProfiles] and class [com.theironyard.PitchesBeTrippinApplicationTests]
14:25:46.460 [Test worker] DEBUG org.springframework.test.context.web.WebTestContextBootstrapper - @TestExecutionListeners is not present for class [com.theironyard.PitchesBeTrippinApplicationTests]: using defaults.
14:25:46.481 [Test worker] INFO org.springframework.test.context.web.WebTestContextBootstrapper - Loaded default TestExecutionListener class names from location [META-INF/spring.factories]: [org.springframework.test.context.web.ServletTestExecutionListener, org.springframework.test.context.support.DirtiesContextBeforeModesTestExecutionListener, org.springframework.test.context.support.DependencyInjectionTestExecutionListener, org.springframework.test.context.support.DirtiesContextTestExecutionListener, org.springframework.test.context.transaction.TransactionalTestExecutionListener, org.springframework.test.context.jdbc.SqlScriptsTestExecutionListener]
14:25:46.527 [Test worker] INFO org.springframework.test.context.web.WebTestContextBootstrapper - Using TestExecutionListeners: [org.springframework.test.context.web.ServletTestExecutionListener@51d866d6, org.springframework.test.context.support.DirtiesContextBeforeModesTestExecutionListener@374f99bc, org.springframework.test.context.support.DependencyInjectionTestExecutionListener@2bc520c7, org.springframework.test.context.support.DirtiesContextTestExecutionListener@2434694c, org.springframework.test.context.transaction.TransactionalTestExecutionListener@36c855ca, org.springframework.test.context.jdbc.SqlScriptsTestExecutionListener@7d01a8d6]
14:25:46.539 [Test worker] DEBUG org.springframework.test.annotation.ProfileValueUtils - Retrieved @ProfileValueSourceConfiguration [null] for test class [com.theironyard.PitchesBeTrippinApplicationTests]
14:25:46.541 [Test worker] DEBUG org.springframework.test.annotation.ProfileValueUtils - Retrieved ProfileValueSource type [class org.springframework.test.annotation.SystemProfileValueSource] for class [com.theironyard.PitchesBeTrippinApplicationTests]
14:25:46.542 [Test worker] DEBUG org.springframework.test.annotation.ProfileValueUtils - Retrieved @ProfileValueSourceConfiguration [null] for test class [com.theironyard.PitchesBeTrippinApplicationTests]
14:25:46.543 [Test worker] DEBUG org.springframework.test.annotation.ProfileValueUtils - Retrieved ProfileValueSource type [class org.springframework.test.annotation.SystemProfileValueSource] for class [com.theironyard.PitchesBeTrippinApplicationTests]
14:25:46.547 [Test worker] DEBUG org.springframework.test.context.support.AbstractDirtiesContextTestExecutionListener - Before test class: context [DefaultTestContext@d8cf92 testClass = PitchesBeTrippinApplicationTests, testInstance = [null], testMethod = [null], testException = [null], mergedContextConfiguration = [WebMergedContextConfiguration@18d58eed testClass = PitchesBeTrippinApplicationTests, locations = '{}', classes = '{class com.theironyard.PitchesBeTrippinApplication}', contextInitializerClasses = '[]', activeProfiles = '{}', propertySourceLocations = '{}', propertySourceProperties = '{}', resourceBasePath = 'src/main/webapp', contextLoader = 'org.springframework.boot.test.SpringApplicationContextLoader', parent = [null]]], class annotated with @DirtiesContext [false] with mode [null].
14:25:46.550 [Test worker] DEBUG org.springframework.test.annotation.ProfileValueUtils - Retrieved @ProfileValueSourceConfiguration [null] for test class [com.theironyard.PitchesBeTrippinApplicationTests]
14:25:46.551 [Test worker] DEBUG org.springframework.test.annotation.ProfileValueUtils - Retrieved ProfileValueSource type [class org.springframework.test.annotation.SystemProfileValueSource] for class [com.theironyard.PitchesBeTrippinApplicationTests]
14:25:46.662 [Test worker] DEBUG org.springframework.core.env.StandardEnvironment - Adding [systemProperties] PropertySource with lowest search precedence
14:25:46.664 [Test worker] DEBUG org.springframework.core.env.StandardEnvironment - Adding [systemEnvironment] PropertySource with lowest search precedence
14:25:46.664 [Test worker] DEBUG org.springframework.core.env.StandardEnvironment - Initialized StandardEnvironment with PropertySources [systemProperties,systemEnvironment]
14:25:46.666 [Test worker] DEBUG org.springframework.core.env.StandardEnvironment - Adding [integrationTest] PropertySource with search precedence immediately lower than [systemEnvironment]

  .   ____          _            __ _ _
 /\\ / ___'_ __ _ _(_)_ __  __ _ \ \ \ \
( ( )\___ | '_ | '_| | '_ \/ _` | \ \ \ \
 \\/  ___)| |_)| | | | | || (_| |  ) ) ) )
  '  |____| .__|_| |_|_| |_\__, | / / / /
 =========|_|==============|___/=/_/_/_/
 :: Spring Boot ::        (v1.3.6.RELEASE)

2016-07-15 14:25:47.279  INFO 4816 --- [    Test worker] c.t.PitchesBeTrippinApplicationTests     : Starting PitchesBeTrippinApplicationTests on Alexanders-MacBook-Pro.local with PID 4816 (/Users/alexanderhughes/PitchesBeTrippin/build/classes/test started by alexanderhughes in /Users/alexanderhughes/PitchesBeTrippin)
2016-07-15 14:25:47.286  INFO 4816 --- [    Test worker] c.t.PitchesBeTrippinApplicationTests     : No active profile set, falling back to default profiles: default
2016-07-15 14:25:47.411  INFO 4816 --- [    Test worker] o.s.w.c.s.GenericWebApplicationContext   : Refreshing org.springframework.web.context.support.GenericWebApplicationContext@4faf3260: startup date [Fri Jul 15 14:25:47 EDT 2016]; root of context hierarchy
2016-07-15 14:25:50.389  INFO 4816 --- [    Test worker] trationDelegate$BeanPostProcessorChecker : Bean 'org.springframework.transaction.annotation.ProxyTransactionManagementConfiguration' of type [class org.springframework.transaction.annotation.ProxyTransactionManagementConfiguration$$EnhancerBySpringCGLIB$$67439023] is not eligible for getting processed by all BeanPostProcessors (for example: not eligible for auto-proxying)
2016-07-15 14:25:51.661  INFO 4816 --- [    Test worker] j.LocalContainerEntityManagerFactoryBean : Building JPA container EntityManagerFactory for persistence unit 'default'
2016-07-15 14:25:51.708  INFO 4816 --- [    Test worker] o.hibernate.jpa.internal.util.LogHelper  : HHH000204: Processing PersistenceUnitInfo [
	name: default
	...]
2016-07-15 14:25:51.867  INFO 4816 --- [    Test worker] org.hibernate.Version                    : HHH000412: Hibernate Core {4.3.11.Final}
2016-07-15 14:25:51.875  INFO 4816 --- [    Test worker] org.hibernate.cfg.Environment            : HHH000206: hibernate.properties not found
2016-07-15 14:25:51.878  INFO 4816 --- [    Test worker] org.hibernate.cfg.Environment            : HHH000021: Bytecode provider name : javassist
2016-07-15 14:25:52.178  INFO 4816 --- [    Test worker] o.hibernate.annotations.common.Version   : HCANN000001: Hibernate Commons Annotations {4.0.5.Final}
2016-07-15 14:25:52.413  INFO 4816 --- [    Test worker] org.hibernate.dialect.Dialect            : HHH000400: Using dialect: org.hibernate.dialect.H2Dialect
2016-07-15 14:25:52.971  INFO 4816 --- [    Test worker] o.h.h.i.ast.ASTQueryTranslatorFactory    : HHH000397: Using ASTQueryTranslatorFactory
2016-07-15 14:25:53.513  INFO 4816 --- [    Test worker] org.hibernate.tool.hbm2ddl.SchemaExport  : HHH000227: Running hbm2ddl schema export
2016-07-15 14:25:53.566  INFO 4816 --- [    Test worker] org.hibernate.tool.hbm2ddl.SchemaExport  : HHH000230: Schema export complete
2016-07-15 14:25:54.945  INFO 4816 --- [    Test worker] s.w.s.m.m.a.RequestMappingHandlerAdapter : Looking for @ControllerAdvice: org.springframework.web.context.support.GenericWebApplicationContext@4faf3260: startup date [Fri Jul 15 14:25:47 EDT 2016]; root of context hierarchy
2016-07-15 14:25:55.085  INFO 4816 --- [    Test worker] s.w.s.m.m.a.RequestMappingHandlerMapping : Mapped "{[/pitches/owner],methods=[GET]}" onto public org.springframework.http.ResponseEntity<java.lang.Object> com.theironyard.controllers.PitchesRestController.getMyPitches(javax.servlet.http.HttpSession)
2016-07-15 14:25:55.090  INFO 4816 --- [    Test worker] s.w.s.m.m.a.RequestMappingHandlerMapping : Mapped "{[/pitches],methods=[GET]}" onto public org.springframework.http.ResponseEntity<java.lang.Object> com.theironyard.controllers.PitchesRestController.getAllPitches()
2016-07-15 14:25:55.092  INFO 4816 --- [    Test worker] s.w.s.m.m.a.RequestMappingHandlerMapping : Mapped "{[/pitches/interest],methods=[GET]}" onto public org.springframework.http.ResponseEntity<java.lang.Object> com.theironyard.controllers.PitchesRestController.getInterestPitches(javax.servlet.http.HttpSession)
2016-07-15 14:25:55.094  INFO 4816 --- [    Test worker] s.w.s.m.m.a.RequestMappingHandlerMapping : Mapped "{[/pitches],methods=[POST]}" onto public org.springframework.http.ResponseEntity<java.lang.Object> com.theironyard.controllers.PitchesRestController.createPitch(com.theironyard.entities.Pitch,javax.servlet.http.HttpSession)
2016-07-15 14:25:55.095  INFO 4816 --- [    Test worker] s.w.s.m.m.a.RequestMappingHandlerMapping : Mapped "{[/pitches/{id}/interest],methods=[PUT]}" onto public org.springframework.http.HttpStatus com.theironyard.controllers.PitchesRestController.addInterest(javax.servlet.http.HttpSession,int)
2016-07-15 14:25:55.096  INFO 4816 --- [    Test worker] s.w.s.m.m.a.RequestMappingHandlerMapping : Mapped "{[/pitches],methods=[PUT]}" onto public org.springframework.http.ResponseEntity<java.lang.Object> com.theironyard.controllers.PitchesRestController.updatePitch(javax.servlet.http.HttpSession,com.theironyard.entities.Pitch)
2016-07-15 14:25:55.096  INFO 4816 --- [    Test worker] s.w.s.m.m.a.RequestMappingHandlerMapping : Mapped "{[/pitches],methods=[DELETE]}" onto public org.springframework.http.ResponseEntity<java.lang.Object> com.theironyard.controllers.PitchesRestController.updatePitch(javax.servlet.http.HttpSession)
2016-07-15 14:25:55.099  INFO 4816 --- [    Test worker] s.w.s.m.m.a.RequestMappingHandlerMapping : Mapped "{[/users/create],methods=[POST]}" onto public org.springframework.http.HttpStatus com.theironyard.controllers.PitchesRestController.createUser(com.theironyard.entities.User)
2016-07-15 14:25:55.101  INFO 4816 --- [    Test worker] s.w.s.m.m.a.RequestMappingHandlerMapping : Mapped "{[/logout],methods=[POST]}" onto public org.springframework.http.HttpStatus com.theironyard.controllers.PitchesRestController.logout(javax.servlet.http.HttpSession)
2016-07-15 14:25:55.102  INFO 4816 --- [    Test worker] s.w.s.m.m.a.RequestMappingHandlerMapping : Mapped "{[/login],methods=[POST]}" onto public org.springframework.http.ResponseEntity<java.lang.Object> com.theironyard.controllers.PitchesRestController.login(javax.servlet.http.HttpSession,com.theironyard.entities.User) throws com.theironyard.utils.PasswordStorage$InvalidHashException,com.theironyard.utils.PasswordStorage$CannotPerformOperationException
2016-07-15 14:25:55.117  INFO 4816 --- [    Test worker] s.w.s.m.m.a.RequestMappingHandlerMapping : Mapped "{[/error]}" onto public org.springframework.http.ResponseEntity<java.util.Map<java.lang.String, java.lang.Object>> org.springframework.boot.autoconfigure.web.BasicErrorController.error(javax.servlet.http.HttpServletRequest)
2016-07-15 14:25:55.120  INFO 4816 --- [    Test worker] s.w.s.m.m.a.RequestMappingHandlerMapping : Mapped "{[/error],produces=[text/html]}" onto public org.springframework.web.servlet.ModelAndView org.springframework.boot.autoconfigure.web.BasicErrorController.errorHtml(javax.servlet.http.HttpServletRequest,javax.servlet.http.HttpServletResponse)
2016-07-15 14:25:55.175  INFO 4816 --- [    Test worker] o.s.w.s.handler.SimpleUrlHandlerMapping  : Mapped URL path [/webjars/**] onto handler of type [class org.springframework.web.servlet.resource.ResourceHttpRequestHandler]
2016-07-15 14:25:55.175  INFO 4816 --- [    Test worker] o.s.w.s.handler.SimpleUrlHandlerMapping  : Mapped URL path [/**] onto handler of type [class org.springframework.web.servlet.resource.ResourceHttpRequestHandler]
2016-07-15 14:25:55.280  INFO 4816 --- [    Test worker] o.s.w.s.handler.SimpleUrlHandlerMapping  : Mapped URL path [/**/favicon.ico] onto handler of type [class org.springframework.web.servlet.resource.ResourceHttpRequestHandler]
2016-07-15 14:25:56.179  INFO 4816 --- [    Test worker] c.t.PitchesBeTrippinApplicationTests     : Started PitchesBeTrippinApplicationTests in 9.497 seconds (JVM running for 11.144)
]]></system-out>
  <system-err><![CDATA[]]></system-err>
</testsuite>
