<?xml version="1.0" encoding="UTF-8"?>
<testsuite name="com.theironyard.PitchesBeTrippinApplicationTests" tests="1" skipped="0" failures="0" errors="0" timestamp="2016-07-15T19:40:53" hostname="Alexanders-MacBook-Pro.local" time="0.008">
  <properties/>
  <testcase name="contextLoads" classname="com.theironyard.PitchesBeTrippinApplicationTests" time="0.008"/>
  <system-out><![CDATA[15:40:43.466 [Test worker] DEBUG org.springframework.test.context.junit4.SpringJUnit4ClassRunner - SpringJUnit4ClassRunner constructor called with [class com.theironyard.PitchesBeTrippinApplicationTests]
15:40:43.475 [Test worker] DEBUG org.springframework.test.context.BootstrapUtils - Instantiating CacheAwareContextLoaderDelegate from class [org.springframework.test.context.cache.DefaultCacheAwareContextLoaderDelegate]
15:40:43.486 [Test worker] DEBUG org.springframework.test.context.BootstrapUtils - Instantiating BootstrapContext using constructor [public org.springframework.test.context.support.DefaultBootstrapContext(java.lang.Class,org.springframework.test.context.CacheAwareContextLoaderDelegate)]
15:40:43.502 [Test worker] DEBUG org.springframework.test.context.BootstrapUtils - Instantiating TestContextBootstrapper for test class [com.theironyard.PitchesBeTrippinApplicationTests] from class [org.springframework.test.context.web.WebTestContextBootstrapper]
15:40:43.569 [Test worker] DEBUG org.springframework.test.context.web.WebTestContextBootstrapper - Found explicit ContextLoader class [org.springframework.boot.test.SpringApplicationContextLoader] for context configuration attributes [ContextConfigurationAttributes@3c023207 declaringClass = 'com.theironyard.PitchesBeTrippinApplicationTests', classes = '{class com.theironyard.PitchesBeTrippinApplication}', locations = '{}', inheritLocations = true, initializers = '{}', inheritInitializers = true, name = [null], contextLoaderClass = 'org.springframework.boot.test.SpringApplicationContextLoader']
15:40:43.583 [Test worker] DEBUG org.springframework.test.context.support.AbstractContextLoader - Did not detect default resource location for test class [com.theironyard.PitchesBeTrippinApplicationTests]: class path resource [com/theironyard/PitchesBeTrippinApplicationTests-context.xml] does not exist
15:40:43.584 [Test worker] DEBUG org.springframework.test.context.support.AbstractContextLoader - Did not detect default resource location for test class [com.theironyard.PitchesBeTrippinApplicationTests]: class path resource [com/theironyard/PitchesBeTrippinApplicationTestsContext.groovy] does not exist
15:40:43.584 [Test worker] INFO org.springframework.test.context.support.AbstractContextLoader - Could not detect default resource locations for test class [com.theironyard.PitchesBeTrippinApplicationTests]: no resource found for suffixes {-context.xml, Context.groovy}.
15:40:43.587 [Test worker] DEBUG org.springframework.test.context.support.ActiveProfilesUtils - Could not find an 'annotation declaring class' for annotation type [org.springframework.test.context.ActiveProfiles] and class [com.theironyard.PitchesBeTrippinApplicationTests]
15:40:43.593 [Test worker] DEBUG org.springframework.test.context.web.WebTestContextBootstrapper - @TestExecutionListeners is not present for class [com.theironyard.PitchesBeTrippinApplicationTests]: using defaults.
15:40:43.610 [Test worker] INFO org.springframework.test.context.web.WebTestContextBootstrapper - Loaded default TestExecutionListener class names from location [META-INF/spring.factories]: [org.springframework.test.context.web.ServletTestExecutionListener, org.springframework.test.context.support.DirtiesContextBeforeModesTestExecutionListener, org.springframework.test.context.support.DependencyInjectionTestExecutionListener, org.springframework.test.context.support.DirtiesContextTestExecutionListener, org.springframework.test.context.transaction.TransactionalTestExecutionListener, org.springframework.test.context.jdbc.SqlScriptsTestExecutionListener]
15:40:43.655 [Test worker] INFO org.springframework.test.context.web.WebTestContextBootstrapper - Using TestExecutionListeners: [org.springframework.test.context.web.ServletTestExecutionListener@745e71f1, org.springframework.test.context.support.DirtiesContextBeforeModesTestExecutionListener@478dba0f, org.springframework.test.context.support.DependencyInjectionTestExecutionListener@58c6607e, org.springframework.test.context.support.DirtiesContextTestExecutionListener@35f0ff2c, org.springframework.test.context.transaction.TransactionalTestExecutionListener@3226d19a, org.springframework.test.context.jdbc.SqlScriptsTestExecutionListener@18514813]
15:40:43.665 [Test worker] DEBUG org.springframework.test.annotation.ProfileValueUtils - Retrieved @ProfileValueSourceConfiguration [null] for test class [com.theironyard.PitchesBeTrippinApplicationTests]
15:40:43.666 [Test worker] DEBUG org.springframework.test.annotation.ProfileValueUtils - Retrieved ProfileValueSource type [class org.springframework.test.annotation.SystemProfileValueSource] for class [com.theironyard.PitchesBeTrippinApplicationTests]
15:40:43.668 [Test worker] DEBUG org.springframework.test.annotation.ProfileValueUtils - Retrieved @ProfileValueSourceConfiguration [null] for test class [com.theironyard.PitchesBeTrippinApplicationTests]
15:40:43.671 [Test worker] DEBUG org.springframework.test.annotation.ProfileValueUtils - Retrieved ProfileValueSource type [class org.springframework.test.annotation.SystemProfileValueSource] for class [com.theironyard.PitchesBeTrippinApplicationTests]
15:40:43.680 [Test worker] DEBUG org.springframework.test.context.support.AbstractDirtiesContextTestExecutionListener - Before test class: context [DefaultTestContext@3bbd113f testClass = PitchesBeTrippinApplicationTests, testInstance = [null], testMethod = [null], testException = [null], mergedContextConfiguration = [WebMergedContextConfiguration@1a1199cb testClass = PitchesBeTrippinApplicationTests, locations = '{}', classes = '{class com.theironyard.PitchesBeTrippinApplication}', contextInitializerClasses = '[]', activeProfiles = '{}', propertySourceLocations = '{}', propertySourceProperties = '{}', resourceBasePath = 'src/main/webapp', contextLoader = 'org.springframework.boot.test.SpringApplicationContextLoader', parent = [null]]], class annotated with @DirtiesContext [false] with mode [null].
15:40:43.681 [Test worker] DEBUG org.springframework.test.annotation.ProfileValueUtils - Retrieved @ProfileValueSourceConfiguration [null] for test class [com.theironyard.PitchesBeTrippinApplicationTests]
15:40:43.682 [Test worker] DEBUG org.springframework.test.annotation.ProfileValueUtils - Retrieved ProfileValueSource type [class org.springframework.test.annotation.SystemProfileValueSource] for class [com.theironyard.PitchesBeTrippinApplicationTests]
15:40:43.787 [Test worker] DEBUG org.springframework.core.env.StandardEnvironment - Adding [systemProperties] PropertySource with lowest search precedence
15:40:43.789 [Test worker] DEBUG org.springframework.core.env.StandardEnvironment - Adding [systemEnvironment] PropertySource with lowest search precedence
15:40:43.789 [Test worker] DEBUG org.springframework.core.env.StandardEnvironment - Initialized StandardEnvironment with PropertySources [systemProperties,systemEnvironment]
15:40:43.791 [Test worker] DEBUG org.springframework.core.env.StandardEnvironment - Adding [integrationTest] PropertySource with search precedence immediately lower than [systemEnvironment]

  .   ____          _            __ _ _
 /\\ / ___'_ __ _ _(_)_ __  __ _ \ \ \ \
( ( )\___ | '_ | '_| | '_ \/ _` | \ \ \ \
 \\/  ___)| |_)| | | | | || (_| |  ) ) ) )
  '  |____| .__|_| |_|_| |_\__, | / / / /
 =========|_|==============|___/=/_/_/_/
 :: Spring Boot ::        (v1.3.6.RELEASE)

2016-07-15 15:40:44.582  INFO 5791 --- [    Test worker] c.t.PitchesBeTrippinApplicationTests     : Starting PitchesBeTrippinApplicationTests on Alexanders-MacBook-Pro.local with PID 5791 (/Users/alexanderhughes/PitchesBeTrippin/build/classes/test started by alexanderhughes in /Users/alexanderhughes/PitchesBeTrippin)
2016-07-15 15:40:44.583  INFO 5791 --- [    Test worker] c.t.PitchesBeTrippinApplicationTests     : No active profile set, falling back to default profiles: default
2016-07-15 15:40:44.732  INFO 5791 --- [    Test worker] o.s.w.c.s.GenericWebApplicationContext   : Refreshing org.springframework.web.context.support.GenericWebApplicationContext@6b062cb5: startup date [Fri Jul 15 15:40:44 EDT 2016]; root of context hierarchy
2016-07-15 15:40:48.077  INFO 5791 --- [    Test worker] trationDelegate$BeanPostProcessorChecker : Bean 'org.springframework.transaction.annotation.ProxyTransactionManagementConfiguration' of type [class org.springframework.transaction.annotation.ProxyTransactionManagementConfiguration$$EnhancerBySpringCGLIB$$dc7a3828] is not eligible for getting processed by all BeanPostProcessors (for example: not eligible for auto-proxying)
2016-07-15 15:40:48.809  INFO 5791 --- [    Test worker] j.LocalContainerEntityManagerFactoryBean : Building JPA container EntityManagerFactory for persistence unit 'default'
2016-07-15 15:40:48.858  INFO 5791 --- [    Test worker] o.hibernate.jpa.internal.util.LogHelper  : HHH000204: Processing PersistenceUnitInfo [
	name: default
	...]
2016-07-15 15:40:49.036  INFO 5791 --- [    Test worker] org.hibernate.Version                    : HHH000412: Hibernate Core {4.3.11.Final}
2016-07-15 15:40:49.039  INFO 5791 --- [    Test worker] org.hibernate.cfg.Environment            : HHH000206: hibernate.properties not found
2016-07-15 15:40:49.046  INFO 5791 --- [    Test worker] org.hibernate.cfg.Environment            : HHH000021: Bytecode provider name : javassist
2016-07-15 15:40:49.499  INFO 5791 --- [    Test worker] o.hibernate.annotations.common.Version   : HCANN000001: Hibernate Commons Annotations {4.0.5.Final}
2016-07-15 15:40:49.996  INFO 5791 --- [    Test worker] org.hibernate.dialect.Dialect            : HHH000400: Using dialect: org.hibernate.dialect.H2Dialect
2016-07-15 15:40:50.429  INFO 5791 --- [    Test worker] o.h.h.i.ast.ASTQueryTranslatorFactory    : HHH000397: Using ASTQueryTranslatorFactory
2016-07-15 15:40:50.939  INFO 5791 --- [    Test worker] org.hibernate.tool.hbm2ddl.SchemaUpdate  : HHH000228: Running hbm2ddl schema update
2016-07-15 15:40:50.940  INFO 5791 --- [    Test worker] org.hibernate.tool.hbm2ddl.SchemaUpdate  : HHH000102: Fetching database metadata
2016-07-15 15:40:50.944  INFO 5791 --- [    Test worker] org.hibernate.tool.hbm2ddl.SchemaUpdate  : HHH000396: Updating schema
2016-07-15 15:40:50.954  INFO 5791 --- [    Test worker] java.sql.DatabaseMetaData                : HHH000262: Table not found: pitch
2016-07-15 15:40:50.958  INFO 5791 --- [    Test worker] java.sql.DatabaseMetaData                : HHH000262: Table not found: user
2016-07-15 15:40:50.962  INFO 5791 --- [    Test worker] java.sql.DatabaseMetaData                : HHH000262: Table not found: user_pitch
2016-07-15 15:40:50.963  INFO 5791 --- [    Test worker] java.sql.DatabaseMetaData                : HHH000262: Table not found: pitch
2016-07-15 15:40:50.965  INFO 5791 --- [    Test worker] java.sql.DatabaseMetaData                : HHH000262: Table not found: user
2016-07-15 15:40:50.968  INFO 5791 --- [    Test worker] java.sql.DatabaseMetaData                : HHH000262: Table not found: user_pitch
2016-07-15 15:40:50.969  INFO 5791 --- [    Test worker] java.sql.DatabaseMetaData                : HHH000262: Table not found: pitch
2016-07-15 15:40:50.972  INFO 5791 --- [    Test worker] java.sql.DatabaseMetaData                : HHH000262: Table not found: user
2016-07-15 15:40:50.974  INFO 5791 --- [    Test worker] java.sql.DatabaseMetaData                : HHH000262: Table not found: user_pitch
2016-07-15 15:40:51.021  INFO 5791 --- [    Test worker] org.hibernate.tool.hbm2ddl.SchemaUpdate  : HHH000232: Schema update complete
2016-07-15 15:40:52.644  INFO 5791 --- [    Test worker] s.w.s.m.m.a.RequestMappingHandlerAdapter : Looking for @ControllerAdvice: org.springframework.web.context.support.GenericWebApplicationContext@6b062cb5: startup date [Fri Jul 15 15:40:44 EDT 2016]; root of context hierarchy
2016-07-15 15:40:52.801  INFO 5791 --- [    Test worker] s.w.s.m.m.a.RequestMappingHandlerMapping : Mapped "{[/logout],methods=[POST]}" onto public org.springframework.http.HttpStatus com.theironyard.controllers.PitchesRestController.logout(javax.servlet.http.HttpSession)
2016-07-15 15:40:52.803  INFO 5791 --- [    Test worker] s.w.s.m.m.a.RequestMappingHandlerMapping : Mapped "{[/login],methods=[POST]}" onto public org.springframework.http.ResponseEntity<java.lang.Object> com.theironyard.controllers.PitchesRestController.login(javax.servlet.http.HttpSession,com.theironyard.entities.User) throws com.theironyard.utils.PasswordStorage$InvalidHashException,com.theironyard.utils.PasswordStorage$CannotPerformOperationException
2016-07-15 15:40:52.805  INFO 5791 --- [    Test worker] s.w.s.m.m.a.RequestMappingHandlerMapping : Mapped "{[/pitches/owner],methods=[GET]}" onto public org.springframework.http.ResponseEntity<java.lang.Object> com.theironyard.controllers.PitchesRestController.getMyPitches(javax.servlet.http.HttpSession)
2016-07-15 15:40:52.806  INFO 5791 --- [    Test worker] s.w.s.m.m.a.RequestMappingHandlerMapping : Mapped "{[/pitches],methods=[GET]}" onto public org.springframework.http.ResponseEntity<java.lang.Object> com.theironyard.controllers.PitchesRestController.getAllPitches()
2016-07-15 15:40:52.807  INFO 5791 --- [    Test worker] s.w.s.m.m.a.RequestMappingHandlerMapping : Mapped "{[/pitches/interest],methods=[GET]}" onto public org.springframework.http.ResponseEntity<java.lang.Object> com.theironyard.controllers.PitchesRestController.getInterestPitches(javax.servlet.http.HttpSession)
2016-07-15 15:40:52.808  INFO 5791 --- [    Test worker] s.w.s.m.m.a.RequestMappingHandlerMapping : Mapped "{[/pitches],methods=[POST]}" onto public org.springframework.http.ResponseEntity<java.lang.Object> com.theironyard.controllers.PitchesRestController.createPitch(com.theironyard.entities.Pitch,javax.servlet.http.HttpSession)
2016-07-15 15:40:52.809  INFO 5791 --- [    Test worker] s.w.s.m.m.a.RequestMappingHandlerMapping : Mapped "{[/pitches/{id}/interest],methods=[PUT]}" onto public org.springframework.http.ResponseEntity<java.lang.Object> com.theironyard.controllers.PitchesRestController.addInterest(javax.servlet.http.HttpSession,int)
2016-07-15 15:40:52.810  INFO 5791 --- [    Test worker] s.w.s.m.m.a.RequestMappingHandlerMapping : Mapped "{[/pitches],methods=[DELETE]}" onto public org.springframework.http.ResponseEntity<java.lang.Object> com.theironyard.controllers.PitchesRestController.updatePitch(javax.servlet.http.HttpSession)
2016-07-15 15:40:52.813  INFO 5791 --- [    Test worker] s.w.s.m.m.a.RequestMappingHandlerMapping : Mapped "{[/pitches],methods=[PUT]}" onto public org.springframework.http.ResponseEntity<java.lang.Object> com.theironyard.controllers.PitchesRestController.updatePitch(javax.servlet.http.HttpSession,com.theironyard.entities.Pitch)
2016-07-15 15:40:52.814  INFO 5791 --- [    Test worker] s.w.s.m.m.a.RequestMappingHandlerMapping : Mapped "{[/users/create],methods=[POST]}" onto public org.springframework.http.HttpStatus com.theironyard.controllers.PitchesRestController.createUser(com.theironyard.entities.User) throws com.theironyard.utils.PasswordStorage$CannotPerformOperationException
2016-07-15 15:40:52.823  INFO 5791 --- [    Test worker] s.w.s.m.m.a.RequestMappingHandlerMapping : Mapped "{[/error]}" onto public org.springframework.http.ResponseEntity<java.util.Map<java.lang.String, java.lang.Object>> org.springframework.boot.autoconfigure.web.BasicErrorController.error(javax.servlet.http.HttpServletRequest)
2016-07-15 15:40:52.824  INFO 5791 --- [    Test worker] s.w.s.m.m.a.RequestMappingHandlerMapping : Mapped "{[/error],produces=[text/html]}" onto public org.springframework.web.servlet.ModelAndView org.springframework.boot.autoconfigure.web.BasicErrorController.errorHtml(javax.servlet.http.HttpServletRequest,javax.servlet.http.HttpServletResponse)
2016-07-15 15:40:52.881  INFO 5791 --- [    Test worker] o.s.w.s.handler.SimpleUrlHandlerMapping  : Mapped URL path [/webjars/**] onto handler of type [class org.springframework.web.servlet.resource.ResourceHttpRequestHandler]
2016-07-15 15:40:52.882  INFO 5791 --- [    Test worker] o.s.w.s.handler.SimpleUrlHandlerMapping  : Mapped URL path [/**] onto handler of type [class org.springframework.web.servlet.resource.ResourceHttpRequestHandler]
2016-07-15 15:40:52.977  INFO 5791 --- [    Test worker] o.s.w.s.handler.SimpleUrlHandlerMapping  : Mapped URL path [/**/favicon.ico] onto handler of type [class org.springframework.web.servlet.resource.ResourceHttpRequestHandler]
2016-07-15 15:40:53.881  INFO 5791 --- [    Test worker] c.t.PitchesBeTrippinApplicationTests     : Started PitchesBeTrippinApplicationTests in 10.078 seconds (JVM running for 11.517)
]]></system-out>
  <system-err><![CDATA[]]></system-err>
</testsuite>
