<?xml version="1.0" encoding="UTF-8"?>
<testsuite name="com.theironyard.PitchesBeTrippinApplicationTests" tests="1" skipped="0" failures="0" errors="0" timestamp="2016-07-15T19:45:49" hostname="Alexanders-MacBook-Pro.local" time="0.01">
  <properties/>
  <testcase name="contextLoads" classname="com.theironyard.PitchesBeTrippinApplicationTests" time="0.01"/>
  <system-out><![CDATA[15:45:39.106 [Test worker] DEBUG org.springframework.test.context.junit4.SpringJUnit4ClassRunner - SpringJUnit4ClassRunner constructor called with [class com.theironyard.PitchesBeTrippinApplicationTests]
15:45:39.116 [Test worker] DEBUG org.springframework.test.context.BootstrapUtils - Instantiating CacheAwareContextLoaderDelegate from class [org.springframework.test.context.cache.DefaultCacheAwareContextLoaderDelegate]
15:45:39.129 [Test worker] DEBUG org.springframework.test.context.BootstrapUtils - Instantiating BootstrapContext using constructor [public org.springframework.test.context.support.DefaultBootstrapContext(java.lang.Class,org.springframework.test.context.CacheAwareContextLoaderDelegate)]
15:45:39.148 [Test worker] DEBUG org.springframework.test.context.BootstrapUtils - Instantiating TestContextBootstrapper for test class [com.theironyard.PitchesBeTrippinApplicationTests] from class [org.springframework.test.context.web.WebTestContextBootstrapper]
15:45:39.177 [Test worker] DEBUG org.springframework.test.context.web.WebTestContextBootstrapper - Found explicit ContextLoader class [org.springframework.boot.test.SpringApplicationContextLoader] for context configuration attributes [ContextConfigurationAttributes@2ea870a5 declaringClass = 'com.theironyard.PitchesBeTrippinApplicationTests', classes = '{class com.theironyard.PitchesBeTrippinApplication}', locations = '{}', inheritLocations = true, initializers = '{}', inheritInitializers = true, name = [null], contextLoaderClass = 'org.springframework.boot.test.SpringApplicationContextLoader']
15:45:39.198 [Test worker] DEBUG org.springframework.test.context.support.AbstractContextLoader - Did not detect default resource location for test class [com.theironyard.PitchesBeTrippinApplicationTests]: class path resource [com/theironyard/PitchesBeTrippinApplicationTests-context.xml] does not exist
15:45:39.198 [Test worker] DEBUG org.springframework.test.context.support.AbstractContextLoader - Did not detect default resource location for test class [com.theironyard.PitchesBeTrippinApplicationTests]: class path resource [com/theironyard/PitchesBeTrippinApplicationTestsContext.groovy] does not exist
15:45:39.198 [Test worker] INFO org.springframework.test.context.support.AbstractContextLoader - Could not detect default resource locations for test class [com.theironyard.PitchesBeTrippinApplicationTests]: no resource found for suffixes {-context.xml, Context.groovy}.
15:45:39.202 [Test worker] DEBUG org.springframework.test.context.support.ActiveProfilesUtils - Could not find an 'annotation declaring class' for annotation type [org.springframework.test.context.ActiveProfiles] and class [com.theironyard.PitchesBeTrippinApplicationTests]
15:45:39.209 [Test worker] DEBUG org.springframework.test.context.web.WebTestContextBootstrapper - @TestExecutionListeners is not present for class [com.theironyard.PitchesBeTrippinApplicationTests]: using defaults.
15:45:39.230 [Test worker] INFO org.springframework.test.context.web.WebTestContextBootstrapper - Loaded default TestExecutionListener class names from location [META-INF/spring.factories]: [org.springframework.test.context.web.ServletTestExecutionListener, org.springframework.test.context.support.DirtiesContextBeforeModesTestExecutionListener, org.springframework.test.context.support.DependencyInjectionTestExecutionListener, org.springframework.test.context.support.DirtiesContextTestExecutionListener, org.springframework.test.context.transaction.TransactionalTestExecutionListener, org.springframework.test.context.jdbc.SqlScriptsTestExecutionListener]
15:45:39.281 [Test worker] INFO org.springframework.test.context.web.WebTestContextBootstrapper - Using TestExecutionListeners: [org.springframework.test.context.web.ServletTestExecutionListener@597ae4a9, org.springframework.test.context.support.DirtiesContextBeforeModesTestExecutionListener@3adf82bf, org.springframework.test.context.support.DependencyInjectionTestExecutionListener@3c6f2b92, org.springframework.test.context.support.DirtiesContextTestExecutionListener@73cd546c, org.springframework.test.context.transaction.TransactionalTestExecutionListener@7d9ca910, org.springframework.test.context.jdbc.SqlScriptsTestExecutionListener@3b901666]
15:45:39.285 [Test worker] DEBUG org.springframework.test.annotation.ProfileValueUtils - Retrieved @ProfileValueSourceConfiguration [null] for test class [com.theironyard.PitchesBeTrippinApplicationTests]
15:45:39.287 [Test worker] DEBUG org.springframework.test.annotation.ProfileValueUtils - Retrieved ProfileValueSource type [class org.springframework.test.annotation.SystemProfileValueSource] for class [com.theironyard.PitchesBeTrippinApplicationTests]
15:45:39.293 [Test worker] DEBUG org.springframework.test.annotation.ProfileValueUtils - Retrieved @ProfileValueSourceConfiguration [null] for test class [com.theironyard.PitchesBeTrippinApplicationTests]
15:45:39.293 [Test worker] DEBUG org.springframework.test.annotation.ProfileValueUtils - Retrieved ProfileValueSource type [class org.springframework.test.annotation.SystemProfileValueSource] for class [com.theironyard.PitchesBeTrippinApplicationTests]
15:45:39.297 [Test worker] DEBUG org.springframework.test.context.support.AbstractDirtiesContextTestExecutionListener - Before test class: context [DefaultTestContext@64730f44 testClass = PitchesBeTrippinApplicationTests, testInstance = [null], testMethod = [null], testException = [null], mergedContextConfiguration = [WebMergedContextConfiguration@3296ada8 testClass = PitchesBeTrippinApplicationTests, locations = '{}', classes = '{class com.theironyard.PitchesBeTrippinApplication}', contextInitializerClasses = '[]', activeProfiles = '{}', propertySourceLocations = '{}', propertySourceProperties = '{}', resourceBasePath = 'src/main/webapp', contextLoader = 'org.springframework.boot.test.SpringApplicationContextLoader', parent = [null]]], class annotated with @DirtiesContext [false] with mode [null].
15:45:39.299 [Test worker] DEBUG org.springframework.test.annotation.ProfileValueUtils - Retrieved @ProfileValueSourceConfiguration [null] for test class [com.theironyard.PitchesBeTrippinApplicationTests]
15:45:39.299 [Test worker] DEBUG org.springframework.test.annotation.ProfileValueUtils - Retrieved ProfileValueSource type [class org.springframework.test.annotation.SystemProfileValueSource] for class [com.theironyard.PitchesBeTrippinApplicationTests]
15:45:39.519 [Test worker] DEBUG org.springframework.core.env.StandardEnvironment - Adding [systemProperties] PropertySource with lowest search precedence
15:45:39.522 [Test worker] DEBUG org.springframework.core.env.StandardEnvironment - Adding [systemEnvironment] PropertySource with lowest search precedence
15:45:39.523 [Test worker] DEBUG org.springframework.core.env.StandardEnvironment - Initialized StandardEnvironment with PropertySources [systemProperties,systemEnvironment]
15:45:39.526 [Test worker] DEBUG org.springframework.core.env.StandardEnvironment - Adding [integrationTest] PropertySource with search precedence immediately lower than [systemEnvironment]

  .   ____          _            __ _ _
 /\\ / ___'_ __ _ _(_)_ __  __ _ \ \ \ \
( ( )\___ | '_ | '_| | '_ \/ _` | \ \ \ \
 \\/  ___)| |_)| | | | | || (_| |  ) ) ) )
  '  |____| .__|_| |_|_| |_\__, | / / / /
 =========|_|==============|___/=/_/_/_/
 :: Spring Boot ::        (v1.3.6.RELEASE)

2016-07-15 15:45:40.456  INFO 5881 --- [    Test worker] c.t.PitchesBeTrippinApplicationTests     : Starting PitchesBeTrippinApplicationTests on Alexanders-MacBook-Pro.local with PID 5881 (/Users/alexanderhughes/PitchesBeTrippin/build/classes/test started by alexanderhughes in /Users/alexanderhughes/PitchesBeTrippin)
2016-07-15 15:45:40.471  INFO 5881 --- [    Test worker] c.t.PitchesBeTrippinApplicationTests     : No active profile set, falling back to default profiles: default
2016-07-15 15:45:40.700  INFO 5881 --- [    Test worker] o.s.w.c.s.GenericWebApplicationContext   : Refreshing org.springframework.web.context.support.GenericWebApplicationContext@5a9bab4d: startup date [Fri Jul 15 15:45:40 EDT 2016]; root of context hierarchy
2016-07-15 15:45:43.914  INFO 5881 --- [    Test worker] trationDelegate$BeanPostProcessorChecker : Bean 'org.springframework.transaction.annotation.ProxyTransactionManagementConfiguration' of type [class org.springframework.transaction.annotation.ProxyTransactionManagementConfiguration$$EnhancerBySpringCGLIB$$1dc8f957] is not eligible for getting processed by all BeanPostProcessors (for example: not eligible for auto-proxying)
2016-07-15 15:45:44.600  INFO 5881 --- [    Test worker] j.LocalContainerEntityManagerFactoryBean : Building JPA container EntityManagerFactory for persistence unit 'default'
2016-07-15 15:45:44.652  INFO 5881 --- [    Test worker] o.hibernate.jpa.internal.util.LogHelper  : HHH000204: Processing PersistenceUnitInfo [
	name: default
	...]
2016-07-15 15:45:44.809  INFO 5881 --- [    Test worker] org.hibernate.Version                    : HHH000412: Hibernate Core {4.3.11.Final}
2016-07-15 15:45:44.811  INFO 5881 --- [    Test worker] org.hibernate.cfg.Environment            : HHH000206: hibernate.properties not found
2016-07-15 15:45:44.814  INFO 5881 --- [    Test worker] org.hibernate.cfg.Environment            : HHH000021: Bytecode provider name : javassist
2016-07-15 15:45:45.143  INFO 5881 --- [    Test worker] o.hibernate.annotations.common.Version   : HCANN000001: Hibernate Commons Annotations {4.0.5.Final}
2016-07-15 15:45:45.794  INFO 5881 --- [    Test worker] org.hibernate.dialect.Dialect            : HHH000400: Using dialect: org.hibernate.dialect.H2Dialect
2016-07-15 15:45:46.131  INFO 5881 --- [    Test worker] o.h.h.i.ast.ASTQueryTranslatorFactory    : HHH000397: Using ASTQueryTranslatorFactory
2016-07-15 15:45:46.762  INFO 5881 --- [    Test worker] org.hibernate.tool.hbm2ddl.SchemaUpdate  : HHH000228: Running hbm2ddl schema update
2016-07-15 15:45:46.762  INFO 5881 --- [    Test worker] org.hibernate.tool.hbm2ddl.SchemaUpdate  : HHH000102: Fetching database metadata
2016-07-15 15:45:46.767  INFO 5881 --- [    Test worker] org.hibernate.tool.hbm2ddl.SchemaUpdate  : HHH000396: Updating schema
2016-07-15 15:45:46.781  INFO 5881 --- [    Test worker] java.sql.DatabaseMetaData                : HHH000262: Table not found: pitch
2016-07-15 15:45:46.784  INFO 5881 --- [    Test worker] java.sql.DatabaseMetaData                : HHH000262: Table not found: user
2016-07-15 15:45:46.785  INFO 5881 --- [    Test worker] java.sql.DatabaseMetaData                : HHH000262: Table not found: user_pitch
2016-07-15 15:45:46.789  INFO 5881 --- [    Test worker] java.sql.DatabaseMetaData                : HHH000262: Table not found: pitch
2016-07-15 15:45:46.792  INFO 5881 --- [    Test worker] java.sql.DatabaseMetaData                : HHH000262: Table not found: user
2016-07-15 15:45:46.794  INFO 5881 --- [    Test worker] java.sql.DatabaseMetaData                : HHH000262: Table not found: user_pitch
2016-07-15 15:45:46.796  INFO 5881 --- [    Test worker] java.sql.DatabaseMetaData                : HHH000262: Table not found: pitch
2016-07-15 15:45:46.798  INFO 5881 --- [    Test worker] java.sql.DatabaseMetaData                : HHH000262: Table not found: user
2016-07-15 15:45:46.801  INFO 5881 --- [    Test worker] java.sql.DatabaseMetaData                : HHH000262: Table not found: user_pitch
2016-07-15 15:45:46.842  INFO 5881 --- [    Test worker] org.hibernate.tool.hbm2ddl.SchemaUpdate  : HHH000232: Schema update complete
2016-07-15 15:45:48.303  INFO 5881 --- [    Test worker] s.w.s.m.m.a.RequestMappingHandlerAdapter : Looking for @ControllerAdvice: org.springframework.web.context.support.GenericWebApplicationContext@5a9bab4d: startup date [Fri Jul 15 15:45:40 EDT 2016]; root of context hierarchy
2016-07-15 15:45:48.486  INFO 5881 --- [    Test worker] s.w.s.m.m.a.RequestMappingHandlerMapping : Mapped "{[/logout],methods=[POST]}" onto public org.springframework.http.HttpStatus com.theironyard.controllers.PitchesRestController.logout(javax.servlet.http.HttpSession)
2016-07-15 15:45:48.488  INFO 5881 --- [    Test worker] s.w.s.m.m.a.RequestMappingHandlerMapping : Mapped "{[/login],methods=[POST]}" onto public org.springframework.http.ResponseEntity<java.lang.Object> com.theironyard.controllers.PitchesRestController.login(javax.servlet.http.HttpSession,com.theironyard.entities.User) throws com.theironyard.utils.PasswordStorage$InvalidHashException,com.theironyard.utils.PasswordStorage$CannotPerformOperationException
2016-07-15 15:45:48.489  INFO 5881 --- [    Test worker] s.w.s.m.m.a.RequestMappingHandlerMapping : Mapped "{[/pitches/owner],methods=[GET]}" onto public org.springframework.http.ResponseEntity<java.lang.Object> com.theironyard.controllers.PitchesRestController.getMyPitches(javax.servlet.http.HttpSession)
2016-07-15 15:45:48.489  INFO 5881 --- [    Test worker] s.w.s.m.m.a.RequestMappingHandlerMapping : Mapped "{[/pitches],methods=[GET]}" onto public org.springframework.http.ResponseEntity<java.lang.Object> com.theironyard.controllers.PitchesRestController.getAllPitches()
2016-07-15 15:45:48.490  INFO 5881 --- [    Test worker] s.w.s.m.m.a.RequestMappingHandlerMapping : Mapped "{[/pitches/interest],methods=[GET]}" onto public org.springframework.http.ResponseEntity<java.lang.Object> com.theironyard.controllers.PitchesRestController.getInterestPitches(javax.servlet.http.HttpSession)
2016-07-15 15:45:48.490  INFO 5881 --- [    Test worker] s.w.s.m.m.a.RequestMappingHandlerMapping : Mapped "{[/pitches],methods=[POST]}" onto public org.springframework.http.ResponseEntity<java.lang.Object> com.theironyard.controllers.PitchesRestController.createPitch(com.theironyard.entities.Pitch,javax.servlet.http.HttpSession)
2016-07-15 15:45:48.491  INFO 5881 --- [    Test worker] s.w.s.m.m.a.RequestMappingHandlerMapping : Mapped "{[/pitches/{id}/interest],methods=[PUT]}" onto public org.springframework.http.ResponseEntity<java.lang.Object> com.theironyard.controllers.PitchesRestController.addInterest(javax.servlet.http.HttpSession,int)
2016-07-15 15:45:48.491  INFO 5881 --- [    Test worker] s.w.s.m.m.a.RequestMappingHandlerMapping : Mapped "{[/pitches],methods=[DELETE]}" onto public org.springframework.http.ResponseEntity<java.lang.Object> com.theironyard.controllers.PitchesRestController.updatePitch(javax.servlet.http.HttpSession)
2016-07-15 15:45:48.492  INFO 5881 --- [    Test worker] s.w.s.m.m.a.RequestMappingHandlerMapping : Mapped "{[/pitches],methods=[PUT]}" onto public org.springframework.http.ResponseEntity<java.lang.Object> com.theironyard.controllers.PitchesRestController.updatePitch(javax.servlet.http.HttpSession,com.theironyard.entities.Pitch)
2016-07-15 15:45:48.492  INFO 5881 --- [    Test worker] s.w.s.m.m.a.RequestMappingHandlerMapping : Mapped "{[/users/create],methods=[POST]}" onto public org.springframework.http.HttpStatus com.theironyard.controllers.PitchesRestController.createUser(com.theironyard.entities.User) throws com.theironyard.utils.PasswordStorage$CannotPerformOperationException
2016-07-15 15:45:48.494  INFO 5881 --- [    Test worker] s.w.s.m.m.a.RequestMappingHandlerMapping : Mapped "{[/error]}" onto public org.springframework.http.ResponseEntity<java.util.Map<java.lang.String, java.lang.Object>> org.springframework.boot.autoconfigure.web.BasicErrorController.error(javax.servlet.http.HttpServletRequest)
2016-07-15 15:45:48.495  INFO 5881 --- [    Test worker] s.w.s.m.m.a.RequestMappingHandlerMapping : Mapped "{[/error],produces=[text/html]}" onto public org.springframework.web.servlet.ModelAndView org.springframework.boot.autoconfigure.web.BasicErrorController.errorHtml(javax.servlet.http.HttpServletRequest,javax.servlet.http.HttpServletResponse)
2016-07-15 15:45:48.561  INFO 5881 --- [    Test worker] o.s.w.s.handler.SimpleUrlHandlerMapping  : Mapped URL path [/webjars/**] onto handler of type [class org.springframework.web.servlet.resource.ResourceHttpRequestHandler]
2016-07-15 15:45:48.562  INFO 5881 --- [    Test worker] o.s.w.s.handler.SimpleUrlHandlerMapping  : Mapped URL path [/**] onto handler of type [class org.springframework.web.servlet.resource.ResourceHttpRequestHandler]
2016-07-15 15:45:48.642  INFO 5881 --- [    Test worker] o.s.w.s.handler.SimpleUrlHandlerMapping  : Mapped URL path [/**/favicon.ico] onto handler of type [class org.springframework.web.servlet.resource.ResourceHttpRequestHandler]
2016-07-15 15:45:49.595  INFO 5881 --- [    Test worker] c.t.PitchesBeTrippinApplicationTests     : Started PitchesBeTrippinApplicationTests in 10.05 seconds (JVM running for 11.644)
]]></system-out>
  <system-err><![CDATA[]]></system-err>
</testsuite>
