<?xml version="1.0" encoding="UTF-8"?>
<testsuite name="com.theironyard.PitchesBeTrippinApplicationTests" tests="1" skipped="0" failures="0" errors="0" timestamp="2016-07-15T18:49:15" hostname="Alexanders-MacBook-Pro.local" time="0.007">
  <properties/>
  <testcase name="contextLoads" classname="com.theironyard.PitchesBeTrippinApplicationTests" time="0.007"/>
  <system-out><![CDATA[14:49:04.691 [Test worker] DEBUG org.springframework.test.context.junit4.SpringJUnit4ClassRunner - SpringJUnit4ClassRunner constructor called with [class com.theironyard.PitchesBeTrippinApplicationTests]
14:49:04.698 [Test worker] DEBUG org.springframework.test.context.BootstrapUtils - Instantiating CacheAwareContextLoaderDelegate from class [org.springframework.test.context.cache.DefaultCacheAwareContextLoaderDelegate]
14:49:04.707 [Test worker] DEBUG org.springframework.test.context.BootstrapUtils - Instantiating BootstrapContext using constructor [public org.springframework.test.context.support.DefaultBootstrapContext(java.lang.Class,org.springframework.test.context.CacheAwareContextLoaderDelegate)]
14:49:04.724 [Test worker] DEBUG org.springframework.test.context.BootstrapUtils - Instantiating TestContextBootstrapper for test class [com.theironyard.PitchesBeTrippinApplicationTests] from class [org.springframework.test.context.web.WebTestContextBootstrapper]
14:49:04.760 [Test worker] DEBUG org.springframework.test.context.web.WebTestContextBootstrapper - Found explicit ContextLoader class [org.springframework.boot.test.SpringApplicationContextLoader] for context configuration attributes [ContextConfigurationAttributes@14322359 declaringClass = 'com.theironyard.PitchesBeTrippinApplicationTests', classes = '{class com.theironyard.PitchesBeTrippinApplication}', locations = '{}', inheritLocations = true, initializers = '{}', inheritInitializers = true, name = [null], contextLoaderClass = 'org.springframework.boot.test.SpringApplicationContextLoader']
14:49:04.773 [Test worker] DEBUG org.springframework.test.context.support.AbstractContextLoader - Did not detect default resource location for test class [com.theironyard.PitchesBeTrippinApplicationTests]: class path resource [com/theironyard/PitchesBeTrippinApplicationTests-context.xml] does not exist
14:49:04.773 [Test worker] DEBUG org.springframework.test.context.support.AbstractContextLoader - Did not detect default resource location for test class [com.theironyard.PitchesBeTrippinApplicationTests]: class path resource [com/theironyard/PitchesBeTrippinApplicationTestsContext.groovy] does not exist
14:49:04.774 [Test worker] INFO org.springframework.test.context.support.AbstractContextLoader - Could not detect default resource locations for test class [com.theironyard.PitchesBeTrippinApplicationTests]: no resource found for suffixes {-context.xml, Context.groovy}.
14:49:04.776 [Test worker] DEBUG org.springframework.test.context.support.ActiveProfilesUtils - Could not find an 'annotation declaring class' for annotation type [org.springframework.test.context.ActiveProfiles] and class [com.theironyard.PitchesBeTrippinApplicationTests]
14:49:04.792 [Test worker] DEBUG org.springframework.test.context.web.WebTestContextBootstrapper - @TestExecutionListeners is not present for class [com.theironyard.PitchesBeTrippinApplicationTests]: using defaults.
14:49:04.820 [Test worker] INFO org.springframework.test.context.web.WebTestContextBootstrapper - Loaded default TestExecutionListener class names from location [META-INF/spring.factories]: [org.springframework.test.context.web.ServletTestExecutionListener, org.springframework.test.context.support.DirtiesContextBeforeModesTestExecutionListener, org.springframework.test.context.support.DependencyInjectionTestExecutionListener, org.springframework.test.context.support.DirtiesContextTestExecutionListener, org.springframework.test.context.transaction.TransactionalTestExecutionListener, org.springframework.test.context.jdbc.SqlScriptsTestExecutionListener]
14:49:04.864 [Test worker] INFO org.springframework.test.context.web.WebTestContextBootstrapper - Using TestExecutionListeners: [org.springframework.test.context.web.ServletTestExecutionListener@5360301e, org.springframework.test.context.support.DirtiesContextBeforeModesTestExecutionListener@4a0ca29e, org.springframework.test.context.support.DependencyInjectionTestExecutionListener@68257d29, org.springframework.test.context.support.DirtiesContextTestExecutionListener@5b1dc3c7, org.springframework.test.context.transaction.TransactionalTestExecutionListener@9afe87a, org.springframework.test.context.jdbc.SqlScriptsTestExecutionListener@2618a383]
14:49:04.873 [Test worker] DEBUG org.springframework.test.annotation.ProfileValueUtils - Retrieved @ProfileValueSourceConfiguration [null] for test class [com.theironyard.PitchesBeTrippinApplicationTests]
14:49:04.874 [Test worker] DEBUG org.springframework.test.annotation.ProfileValueUtils - Retrieved ProfileValueSource type [class org.springframework.test.annotation.SystemProfileValueSource] for class [com.theironyard.PitchesBeTrippinApplicationTests]
14:49:04.875 [Test worker] DEBUG org.springframework.test.annotation.ProfileValueUtils - Retrieved @ProfileValueSourceConfiguration [null] for test class [com.theironyard.PitchesBeTrippinApplicationTests]
14:49:04.875 [Test worker] DEBUG org.springframework.test.annotation.ProfileValueUtils - Retrieved ProfileValueSource type [class org.springframework.test.annotation.SystemProfileValueSource] for class [com.theironyard.PitchesBeTrippinApplicationTests]
14:49:04.881 [Test worker] DEBUG org.springframework.test.context.support.AbstractDirtiesContextTestExecutionListener - Before test class: context [DefaultTestContext@39ed8ff9 testClass = PitchesBeTrippinApplicationTests, testInstance = [null], testMethod = [null], testException = [null], mergedContextConfiguration = [WebMergedContextConfiguration@380ee1d4 testClass = PitchesBeTrippinApplicationTests, locations = '{}', classes = '{class com.theironyard.PitchesBeTrippinApplication}', contextInitializerClasses = '[]', activeProfiles = '{}', propertySourceLocations = '{}', propertySourceProperties = '{}', resourceBasePath = 'src/main/webapp', contextLoader = 'org.springframework.boot.test.SpringApplicationContextLoader', parent = [null]]], class annotated with @DirtiesContext [false] with mode [null].
14:49:04.891 [Test worker] DEBUG org.springframework.test.annotation.ProfileValueUtils - Retrieved @ProfileValueSourceConfiguration [null] for test class [com.theironyard.PitchesBeTrippinApplicationTests]
14:49:04.892 [Test worker] DEBUG org.springframework.test.annotation.ProfileValueUtils - Retrieved ProfileValueSource type [class org.springframework.test.annotation.SystemProfileValueSource] for class [com.theironyard.PitchesBeTrippinApplicationTests]
14:49:05.023 [Test worker] DEBUG org.springframework.core.env.StandardEnvironment - Adding [systemProperties] PropertySource with lowest search precedence
14:49:05.025 [Test worker] DEBUG org.springframework.core.env.StandardEnvironment - Adding [systemEnvironment] PropertySource with lowest search precedence
14:49:05.026 [Test worker] DEBUG org.springframework.core.env.StandardEnvironment - Initialized StandardEnvironment with PropertySources [systemProperties,systemEnvironment]
14:49:05.029 [Test worker] DEBUG org.springframework.core.env.StandardEnvironment - Adding [integrationTest] PropertySource with search precedence immediately lower than [systemEnvironment]

  .   ____          _            __ _ _
 /\\ / ___'_ __ _ _(_)_ __  __ _ \ \ \ \
( ( )\___ | '_ | '_| | '_ \/ _` | \ \ \ \
 \\/  ___)| |_)| | | | | || (_| |  ) ) ) )
  '  |____| .__|_| |_|_| |_\__, | / / / /
 =========|_|==============|___/=/_/_/_/
 :: Spring Boot ::        (v1.3.6.RELEASE)

2016-07-15 14:49:05.974  INFO 5089 --- [    Test worker] c.t.PitchesBeTrippinApplicationTests     : Starting PitchesBeTrippinApplicationTests on Alexanders-MacBook-Pro.local with PID 5089 (/Users/alexanderhughes/PitchesBeTrippin/build/classes/test started by alexanderhughes in /Users/alexanderhughes/PitchesBeTrippin)
2016-07-15 14:49:05.976  INFO 5089 --- [    Test worker] c.t.PitchesBeTrippinApplicationTests     : No active profile set, falling back to default profiles: default
2016-07-15 14:49:06.102  INFO 5089 --- [    Test worker] o.s.w.c.s.GenericWebApplicationContext   : Refreshing org.springframework.web.context.support.GenericWebApplicationContext@5a69d0a5: startup date [Fri Jul 15 14:49:06 EDT 2016]; root of context hierarchy
2016-07-15 14:49:09.181  INFO 5089 --- [    Test worker] trationDelegate$BeanPostProcessorChecker : Bean 'org.springframework.transaction.annotation.ProxyTransactionManagementConfiguration' of type [class org.springframework.transaction.annotation.ProxyTransactionManagementConfiguration$$EnhancerBySpringCGLIB$$b32a8ba1] is not eligible for getting processed by all BeanPostProcessors (for example: not eligible for auto-proxying)
2016-07-15 14:49:10.173  INFO 5089 --- [    Test worker] j.LocalContainerEntityManagerFactoryBean : Building JPA container EntityManagerFactory for persistence unit 'default'
2016-07-15 14:49:10.221  INFO 5089 --- [    Test worker] o.hibernate.jpa.internal.util.LogHelper  : HHH000204: Processing PersistenceUnitInfo [
	name: default
	...]
2016-07-15 14:49:10.386  INFO 5089 --- [    Test worker] org.hibernate.Version                    : HHH000412: Hibernate Core {4.3.11.Final}
2016-07-15 14:49:10.392  INFO 5089 --- [    Test worker] org.hibernate.cfg.Environment            : HHH000206: hibernate.properties not found
2016-07-15 14:49:10.395  INFO 5089 --- [    Test worker] org.hibernate.cfg.Environment            : HHH000021: Bytecode provider name : javassist
2016-07-15 14:49:10.851  INFO 5089 --- [    Test worker] o.hibernate.annotations.common.Version   : HCANN000001: Hibernate Commons Annotations {4.0.5.Final}
2016-07-15 14:49:11.099  INFO 5089 --- [    Test worker] org.hibernate.dialect.Dialect            : HHH000400: Using dialect: org.hibernate.dialect.H2Dialect
2016-07-15 14:49:11.448  INFO 5089 --- [    Test worker] o.h.h.i.ast.ASTQueryTranslatorFactory    : HHH000397: Using ASTQueryTranslatorFactory
2016-07-15 14:49:12.211  INFO 5089 --- [    Test worker] org.hibernate.tool.hbm2ddl.SchemaExport  : HHH000227: Running hbm2ddl schema export
2016-07-15 14:49:12.237  INFO 5089 --- [    Test worker] org.hibernate.tool.hbm2ddl.SchemaExport  : HHH000230: Schema export complete
2016-07-15 14:49:14.452  INFO 5089 --- [    Test worker] s.w.s.m.m.a.RequestMappingHandlerAdapter : Looking for @ControllerAdvice: org.springframework.web.context.support.GenericWebApplicationContext@5a69d0a5: startup date [Fri Jul 15 14:49:06 EDT 2016]; root of context hierarchy
2016-07-15 14:49:14.594  INFO 5089 --- [    Test worker] s.w.s.m.m.a.RequestMappingHandlerMapping : Mapped "{[/logout],methods=[POST]}" onto public org.springframework.http.HttpStatus com.theironyard.controllers.PitchesRestController.logout(javax.servlet.http.HttpSession)
2016-07-15 14:49:14.596  INFO 5089 --- [    Test worker] s.w.s.m.m.a.RequestMappingHandlerMapping : Mapped "{[/login],methods=[POST]}" onto public org.springframework.http.ResponseEntity<java.lang.Object> com.theironyard.controllers.PitchesRestController.login(javax.servlet.http.HttpSession,com.theironyard.entities.User) throws com.theironyard.utils.PasswordStorage$InvalidHashException,com.theironyard.utils.PasswordStorage$CannotPerformOperationException
2016-07-15 14:49:14.597  INFO 5089 --- [    Test worker] s.w.s.m.m.a.RequestMappingHandlerMapping : Mapped "{[/pitches/owner],methods=[GET]}" onto public org.springframework.http.ResponseEntity<java.lang.Object> com.theironyard.controllers.PitchesRestController.getMyPitches(javax.servlet.http.HttpSession)
2016-07-15 14:49:14.601  INFO 5089 --- [    Test worker] s.w.s.m.m.a.RequestMappingHandlerMapping : Mapped "{[/pitches],methods=[GET]}" onto public org.springframework.http.ResponseEntity<java.lang.Object> com.theironyard.controllers.PitchesRestController.getAllPitches()
2016-07-15 14:49:14.604  INFO 5089 --- [    Test worker] s.w.s.m.m.a.RequestMappingHandlerMapping : Mapped "{[/pitches/interest],methods=[GET]}" onto public org.springframework.http.ResponseEntity<java.lang.Object> com.theironyard.controllers.PitchesRestController.getInterestPitches(javax.servlet.http.HttpSession)
2016-07-15 14:49:14.604  INFO 5089 --- [    Test worker] s.w.s.m.m.a.RequestMappingHandlerMapping : Mapped "{[/pitches],methods=[POST]}" onto public org.springframework.http.ResponseEntity<java.lang.Object> com.theironyard.controllers.PitchesRestController.createPitch(com.theironyard.entities.Pitch,javax.servlet.http.HttpSession)
2016-07-15 14:49:14.605  INFO 5089 --- [    Test worker] s.w.s.m.m.a.RequestMappingHandlerMapping : Mapped "{[/pitches/{id}/interest],methods=[PUT]}" onto public org.springframework.http.HttpStatus com.theironyard.controllers.PitchesRestController.addInterest(javax.servlet.http.HttpSession,int)
2016-07-15 14:49:14.606  INFO 5089 --- [    Test worker] s.w.s.m.m.a.RequestMappingHandlerMapping : Mapped "{[/pitches],methods=[DELETE]}" onto public org.springframework.http.ResponseEntity<java.lang.Object> com.theironyard.controllers.PitchesRestController.updatePitch(javax.servlet.http.HttpSession)
2016-07-15 14:49:14.607  INFO 5089 --- [    Test worker] s.w.s.m.m.a.RequestMappingHandlerMapping : Mapped "{[/pitches],methods=[PUT]}" onto public org.springframework.http.ResponseEntity<java.lang.Object> com.theironyard.controllers.PitchesRestController.updatePitch(javax.servlet.http.HttpSession,com.theironyard.entities.Pitch)
2016-07-15 14:49:14.609  INFO 5089 --- [    Test worker] s.w.s.m.m.a.RequestMappingHandlerMapping : Mapped "{[/users/create],methods=[POST]}" onto public org.springframework.http.HttpStatus com.theironyard.controllers.PitchesRestController.createUser(com.theironyard.entities.User) throws com.theironyard.utils.PasswordStorage$CannotPerformOperationException
2016-07-15 14:49:14.616  INFO 5089 --- [    Test worker] s.w.s.m.m.a.RequestMappingHandlerMapping : Mapped "{[/error]}" onto public org.springframework.http.ResponseEntity<java.util.Map<java.lang.String, java.lang.Object>> org.springframework.boot.autoconfigure.web.BasicErrorController.error(javax.servlet.http.HttpServletRequest)
2016-07-15 14:49:14.618  INFO 5089 --- [    Test worker] s.w.s.m.m.a.RequestMappingHandlerMapping : Mapped "{[/error],produces=[text/html]}" onto public org.springframework.web.servlet.ModelAndView org.springframework.boot.autoconfigure.web.BasicErrorController.errorHtml(javax.servlet.http.HttpServletRequest,javax.servlet.http.HttpServletResponse)
2016-07-15 14:49:14.666  INFO 5089 --- [    Test worker] o.s.w.s.handler.SimpleUrlHandlerMapping  : Mapped URL path [/webjars/**] onto handler of type [class org.springframework.web.servlet.resource.ResourceHttpRequestHandler]
2016-07-15 14:49:14.667  INFO 5089 --- [    Test worker] o.s.w.s.handler.SimpleUrlHandlerMapping  : Mapped URL path [/**] onto handler of type [class org.springframework.web.servlet.resource.ResourceHttpRequestHandler]
2016-07-15 14:49:14.744  INFO 5089 --- [    Test worker] o.s.w.s.handler.SimpleUrlHandlerMapping  : Mapped URL path [/**/favicon.ico] onto handler of type [class org.springframework.web.servlet.resource.ResourceHttpRequestHandler]
2016-07-15 14:49:15.580  INFO 5089 --- [    Test worker] c.t.PitchesBeTrippinApplicationTests     : Started PitchesBeTrippinApplicationTests in 10.536 seconds (JVM running for 12.183)
]]></system-out>
  <system-err><![CDATA[]]></system-err>
</testsuite>
