<?xml version="1.0" encoding="UTF-8"?>
<testsuite name="com.theironyard.PitchesBeTrippinApplicationTests" tests="1" skipped="0" failures="0" errors="0" timestamp="2016-07-15T19:32:35" hostname="Alexanders-MacBook-Pro.local" time="0.005">
  <properties/>
  <testcase name="contextLoads" classname="com.theironyard.PitchesBeTrippinApplicationTests" time="0.005"/>
  <system-out><![CDATA[15:32:27.250 [Test worker] DEBUG org.springframework.test.context.junit4.SpringJUnit4ClassRunner - SpringJUnit4ClassRunner constructor called with [class com.theironyard.PitchesBeTrippinApplicationTests]
15:32:27.258 [Test worker] DEBUG org.springframework.test.context.BootstrapUtils - Instantiating CacheAwareContextLoaderDelegate from class [org.springframework.test.context.cache.DefaultCacheAwareContextLoaderDelegate]
15:32:27.263 [Test worker] DEBUG org.springframework.test.context.BootstrapUtils - Instantiating BootstrapContext using constructor [public org.springframework.test.context.support.DefaultBootstrapContext(java.lang.Class,org.springframework.test.context.CacheAwareContextLoaderDelegate)]
15:32:27.277 [Test worker] DEBUG org.springframework.test.context.BootstrapUtils - Instantiating TestContextBootstrapper for test class [com.theironyard.PitchesBeTrippinApplicationTests] from class [org.springframework.test.context.web.WebTestContextBootstrapper]
15:32:27.317 [Test worker] DEBUG org.springframework.test.context.web.WebTestContextBootstrapper - Found explicit ContextLoader class [org.springframework.boot.test.SpringApplicationContextLoader] for context configuration attributes [ContextConfigurationAttributes@6206ffcb declaringClass = 'com.theironyard.PitchesBeTrippinApplicationTests', classes = '{class com.theironyard.PitchesBeTrippinApplication}', locations = '{}', inheritLocations = true, initializers = '{}', inheritInitializers = true, name = [null], contextLoaderClass = 'org.springframework.boot.test.SpringApplicationContextLoader']
15:32:27.346 [Test worker] DEBUG org.springframework.test.context.support.AbstractContextLoader - Did not detect default resource location for test class [com.theironyard.PitchesBeTrippinApplicationTests]: class path resource [com/theironyard/PitchesBeTrippinApplicationTests-context.xml] does not exist
15:32:27.348 [Test worker] DEBUG org.springframework.test.context.support.AbstractContextLoader - Did not detect default resource location for test class [com.theironyard.PitchesBeTrippinApplicationTests]: class path resource [com/theironyard/PitchesBeTrippinApplicationTestsContext.groovy] does not exist
15:32:27.349 [Test worker] INFO org.springframework.test.context.support.AbstractContextLoader - Could not detect default resource locations for test class [com.theironyard.PitchesBeTrippinApplicationTests]: no resource found for suffixes {-context.xml, Context.groovy}.
15:32:27.354 [Test worker] DEBUG org.springframework.test.context.support.ActiveProfilesUtils - Could not find an 'annotation declaring class' for annotation type [org.springframework.test.context.ActiveProfiles] and class [com.theironyard.PitchesBeTrippinApplicationTests]
15:32:27.387 [Test worker] DEBUG org.springframework.test.context.web.WebTestContextBootstrapper - @TestExecutionListeners is not present for class [com.theironyard.PitchesBeTrippinApplicationTests]: using defaults.
15:32:27.432 [Test worker] INFO org.springframework.test.context.web.WebTestContextBootstrapper - Loaded default TestExecutionListener class names from location [META-INF/spring.factories]: [org.springframework.test.context.web.ServletTestExecutionListener, org.springframework.test.context.support.DirtiesContextBeforeModesTestExecutionListener, org.springframework.test.context.support.DependencyInjectionTestExecutionListener, org.springframework.test.context.support.DirtiesContextTestExecutionListener, org.springframework.test.context.transaction.TransactionalTestExecutionListener, org.springframework.test.context.jdbc.SqlScriptsTestExecutionListener]
15:32:27.495 [Test worker] INFO org.springframework.test.context.web.WebTestContextBootstrapper - Using TestExecutionListeners: [org.springframework.test.context.web.ServletTestExecutionListener@73f283a8, org.springframework.test.context.support.DirtiesContextBeforeModesTestExecutionListener@53e4fa3b, org.springframework.test.context.support.DependencyInjectionTestExecutionListener@514cd912, org.springframework.test.context.support.DirtiesContextTestExecutionListener@2658edda, org.springframework.test.context.transaction.TransactionalTestExecutionListener@41d0d57a, org.springframework.test.context.jdbc.SqlScriptsTestExecutionListener@3591da59]
15:32:27.510 [Test worker] DEBUG org.springframework.test.annotation.ProfileValueUtils - Retrieved @ProfileValueSourceConfiguration [null] for test class [com.theironyard.PitchesBeTrippinApplicationTests]
15:32:27.510 [Test worker] DEBUG org.springframework.test.annotation.ProfileValueUtils - Retrieved ProfileValueSource type [class org.springframework.test.annotation.SystemProfileValueSource] for class [com.theironyard.PitchesBeTrippinApplicationTests]
15:32:27.514 [Test worker] DEBUG org.springframework.test.annotation.ProfileValueUtils - Retrieved @ProfileValueSourceConfiguration [null] for test class [com.theironyard.PitchesBeTrippinApplicationTests]
15:32:27.514 [Test worker] DEBUG org.springframework.test.annotation.ProfileValueUtils - Retrieved ProfileValueSource type [class org.springframework.test.annotation.SystemProfileValueSource] for class [com.theironyard.PitchesBeTrippinApplicationTests]
15:32:27.524 [Test worker] DEBUG org.springframework.test.context.support.AbstractDirtiesContextTestExecutionListener - Before test class: context [DefaultTestContext@5e9fdd0d testClass = PitchesBeTrippinApplicationTests, testInstance = [null], testMethod = [null], testException = [null], mergedContextConfiguration = [WebMergedContextConfiguration@4040d17b testClass = PitchesBeTrippinApplicationTests, locations = '{}', classes = '{class com.theironyard.PitchesBeTrippinApplication}', contextInitializerClasses = '[]', activeProfiles = '{}', propertySourceLocations = '{}', propertySourceProperties = '{}', resourceBasePath = 'src/main/webapp', contextLoader = 'org.springframework.boot.test.SpringApplicationContextLoader', parent = [null]]], class annotated with @DirtiesContext [false] with mode [null].
15:32:27.527 [Test worker] DEBUG org.springframework.test.annotation.ProfileValueUtils - Retrieved @ProfileValueSourceConfiguration [null] for test class [com.theironyard.PitchesBeTrippinApplicationTests]
15:32:27.530 [Test worker] DEBUG org.springframework.test.annotation.ProfileValueUtils - Retrieved ProfileValueSource type [class org.springframework.test.annotation.SystemProfileValueSource] for class [com.theironyard.PitchesBeTrippinApplicationTests]
15:32:27.691 [Test worker] DEBUG org.springframework.core.env.StandardEnvironment - Adding [systemProperties] PropertySource with lowest search precedence
15:32:27.695 [Test worker] DEBUG org.springframework.core.env.StandardEnvironment - Adding [systemEnvironment] PropertySource with lowest search precedence
15:32:27.696 [Test worker] DEBUG org.springframework.core.env.StandardEnvironment - Initialized StandardEnvironment with PropertySources [systemProperties,systemEnvironment]
15:32:27.699 [Test worker] DEBUG org.springframework.core.env.StandardEnvironment - Adding [integrationTest] PropertySource with search precedence immediately lower than [systemEnvironment]

  .   ____          _            __ _ _
 /\\ / ___'_ __ _ _(_)_ __  __ _ \ \ \ \
( ( )\___ | '_ | '_| | '_ \/ _` | \ \ \ \
 \\/  ___)| |_)| | | | | || (_| |  ) ) ) )
  '  |____| .__|_| |_|_| |_\__, | / / / /
 =========|_|==============|___/=/_/_/_/
 :: Spring Boot ::        (v1.3.6.RELEASE)

2016-07-15 15:32:28.272  INFO 5676 --- [    Test worker] c.t.PitchesBeTrippinApplicationTests     : Starting PitchesBeTrippinApplicationTests on Alexanders-MacBook-Pro.local with PID 5676 (/Users/alexanderhughes/PitchesBeTrippin/build/classes/test started by alexanderhughes in /Users/alexanderhughes/PitchesBeTrippin)
2016-07-15 15:32:28.276  INFO 5676 --- [    Test worker] c.t.PitchesBeTrippinApplicationTests     : No active profile set, falling back to default profiles: default
2016-07-15 15:32:28.483  INFO 5676 --- [    Test worker] o.s.w.c.s.GenericWebApplicationContext   : Refreshing org.springframework.web.context.support.GenericWebApplicationContext@c77e417: startup date [Fri Jul 15 15:32:28 EDT 2016]; root of context hierarchy
2016-07-15 15:32:30.521  INFO 5676 --- [    Test worker] trationDelegate$BeanPostProcessorChecker : Bean 'org.springframework.transaction.annotation.ProxyTransactionManagementConfiguration' of type [class org.springframework.transaction.annotation.ProxyTransactionManagementConfiguration$$EnhancerBySpringCGLIB$$923c27b8] is not eligible for getting processed by all BeanPostProcessors (for example: not eligible for auto-proxying)
2016-07-15 15:32:31.039  INFO 5676 --- [    Test worker] j.LocalContainerEntityManagerFactoryBean : Building JPA container EntityManagerFactory for persistence unit 'default'
2016-07-15 15:32:31.067  INFO 5676 --- [    Test worker] o.hibernate.jpa.internal.util.LogHelper  : HHH000204: Processing PersistenceUnitInfo [
	name: default
	...]
2016-07-15 15:32:31.156  INFO 5676 --- [    Test worker] org.hibernate.Version                    : HHH000412: Hibernate Core {4.3.11.Final}
2016-07-15 15:32:31.158  INFO 5676 --- [    Test worker] org.hibernate.cfg.Environment            : HHH000206: hibernate.properties not found
2016-07-15 15:32:31.160  INFO 5676 --- [    Test worker] org.hibernate.cfg.Environment            : HHH000021: Bytecode provider name : javassist
2016-07-15 15:32:31.355  INFO 5676 --- [    Test worker] o.hibernate.annotations.common.Version   : HCANN000001: Hibernate Commons Annotations {4.0.5.Final}
2016-07-15 15:32:31.750  INFO 5676 --- [    Test worker] org.hibernate.dialect.Dialect            : HHH000400: Using dialect: org.hibernate.dialect.H2Dialect
2016-07-15 15:32:31.965  INFO 5676 --- [    Test worker] o.h.h.i.ast.ASTQueryTranslatorFactory    : HHH000397: Using ASTQueryTranslatorFactory
2016-07-15 15:32:32.459  INFO 5676 --- [    Test worker] org.hibernate.tool.hbm2ddl.SchemaUpdate  : HHH000228: Running hbm2ddl schema update
2016-07-15 15:32:32.460  INFO 5676 --- [    Test worker] org.hibernate.tool.hbm2ddl.SchemaUpdate  : HHH000102: Fetching database metadata
2016-07-15 15:32:32.462  INFO 5676 --- [    Test worker] org.hibernate.tool.hbm2ddl.SchemaUpdate  : HHH000396: Updating schema
2016-07-15 15:32:32.476  INFO 5676 --- [    Test worker] java.sql.DatabaseMetaData                : HHH000262: Table not found: pitch
2016-07-15 15:32:32.480  INFO 5676 --- [    Test worker] java.sql.DatabaseMetaData                : HHH000262: Table not found: user
2016-07-15 15:32:32.481  INFO 5676 --- [    Test worker] java.sql.DatabaseMetaData                : HHH000262: Table not found: user_pitch
2016-07-15 15:32:32.483  INFO 5676 --- [    Test worker] java.sql.DatabaseMetaData                : HHH000262: Table not found: pitch
2016-07-15 15:32:32.484  INFO 5676 --- [    Test worker] java.sql.DatabaseMetaData                : HHH000262: Table not found: user
2016-07-15 15:32:32.486  INFO 5676 --- [    Test worker] java.sql.DatabaseMetaData                : HHH000262: Table not found: user_pitch
2016-07-15 15:32:32.488  INFO 5676 --- [    Test worker] java.sql.DatabaseMetaData                : HHH000262: Table not found: pitch
2016-07-15 15:32:32.489  INFO 5676 --- [    Test worker] java.sql.DatabaseMetaData                : HHH000262: Table not found: user
2016-07-15 15:32:32.491  INFO 5676 --- [    Test worker] java.sql.DatabaseMetaData                : HHH000262: Table not found: user_pitch
2016-07-15 15:32:32.568  INFO 5676 --- [    Test worker] org.hibernate.tool.hbm2ddl.SchemaUpdate  : HHH000232: Schema update complete
2016-07-15 15:32:34.206  INFO 5676 --- [    Test worker] s.w.s.m.m.a.RequestMappingHandlerAdapter : Looking for @ControllerAdvice: org.springframework.web.context.support.GenericWebApplicationContext@c77e417: startup date [Fri Jul 15 15:32:28 EDT 2016]; root of context hierarchy
2016-07-15 15:32:34.300  INFO 5676 --- [    Test worker] s.w.s.m.m.a.RequestMappingHandlerMapping : Mapped "{[/pitches/owner],methods=[GET]}" onto public org.springframework.http.ResponseEntity<java.lang.Object> com.theironyard.controllers.PitchesRestController.getMyPitches(javax.servlet.http.HttpSession)
2016-07-15 15:32:34.304  INFO 5676 --- [    Test worker] s.w.s.m.m.a.RequestMappingHandlerMapping : Mapped "{[/pitches],methods=[GET]}" onto public org.springframework.http.ResponseEntity<java.lang.Object> com.theironyard.controllers.PitchesRestController.getAllPitches()
2016-07-15 15:32:34.305  INFO 5676 --- [    Test worker] s.w.s.m.m.a.RequestMappingHandlerMapping : Mapped "{[/pitches/interest],methods=[GET]}" onto public org.springframework.http.ResponseEntity<java.lang.Object> com.theironyard.controllers.PitchesRestController.getInterestPitches(javax.servlet.http.HttpSession)
2016-07-15 15:32:34.306  INFO 5676 --- [    Test worker] s.w.s.m.m.a.RequestMappingHandlerMapping : Mapped "{[/pitches],methods=[POST]}" onto public org.springframework.http.ResponseEntity<java.lang.Object> com.theironyard.controllers.PitchesRestController.createPitch(com.theironyard.entities.Pitch,javax.servlet.http.HttpSession)
2016-07-15 15:32:34.306  INFO 5676 --- [    Test worker] s.w.s.m.m.a.RequestMappingHandlerMapping : Mapped "{[/pitches/{id}/interest],methods=[PUT]}" onto public org.springframework.http.HttpStatus com.theironyard.controllers.PitchesRestController.addInterest(javax.servlet.http.HttpSession,int)
2016-07-15 15:32:34.307  INFO 5676 --- [    Test worker] s.w.s.m.m.a.RequestMappingHandlerMapping : Mapped "{[/pitches],methods=[PUT]}" onto public org.springframework.http.ResponseEntity<java.lang.Object> com.theironyard.controllers.PitchesRestController.updatePitch(javax.servlet.http.HttpSession,com.theironyard.entities.Pitch)
2016-07-15 15:32:34.307  INFO 5676 --- [    Test worker] s.w.s.m.m.a.RequestMappingHandlerMapping : Mapped "{[/pitches],methods=[DELETE]}" onto public org.springframework.http.ResponseEntity<java.lang.Object> com.theironyard.controllers.PitchesRestController.updatePitch(javax.servlet.http.HttpSession)
2016-07-15 15:32:34.308  INFO 5676 --- [    Test worker] s.w.s.m.m.a.RequestMappingHandlerMapping : Mapped "{[/users/create],methods=[POST]}" onto public org.springframework.http.HttpStatus com.theironyard.controllers.PitchesRestController.createUser(com.theironyard.entities.User) throws com.theironyard.utils.PasswordStorage$CannotPerformOperationException
2016-07-15 15:32:34.308  INFO 5676 --- [    Test worker] s.w.s.m.m.a.RequestMappingHandlerMapping : Mapped "{[/login],methods=[POST]}" onto public org.springframework.http.ResponseEntity<java.lang.Object> com.theironyard.controllers.PitchesRestController.login(javax.servlet.http.HttpSession,com.theironyard.entities.User) throws com.theironyard.utils.PasswordStorage$InvalidHashException,com.theironyard.utils.PasswordStorage$CannotPerformOperationException
2016-07-15 15:32:34.309  INFO 5676 --- [    Test worker] s.w.s.m.m.a.RequestMappingHandlerMapping : Mapped "{[/logout],methods=[POST]}" onto public org.springframework.http.HttpStatus com.theironyard.controllers.PitchesRestController.logout(javax.servlet.http.HttpSession)
2016-07-15 15:32:34.311  INFO 5676 --- [    Test worker] s.w.s.m.m.a.RequestMappingHandlerMapping : Mapped "{[/error]}" onto public org.springframework.http.ResponseEntity<java.util.Map<java.lang.String, java.lang.Object>> org.springframework.boot.autoconfigure.web.BasicErrorController.error(javax.servlet.http.HttpServletRequest)
2016-07-15 15:32:34.312  INFO 5676 --- [    Test worker] s.w.s.m.m.a.RequestMappingHandlerMapping : Mapped "{[/error],produces=[text/html]}" onto public org.springframework.web.servlet.ModelAndView org.springframework.boot.autoconfigure.web.BasicErrorController.errorHtml(javax.servlet.http.HttpServletRequest,javax.servlet.http.HttpServletResponse)
2016-07-15 15:32:34.357  INFO 5676 --- [    Test worker] o.s.w.s.handler.SimpleUrlHandlerMapping  : Mapped URL path [/webjars/**] onto handler of type [class org.springframework.web.servlet.resource.ResourceHttpRequestHandler]
2016-07-15 15:32:34.357  INFO 5676 --- [    Test worker] o.s.w.s.handler.SimpleUrlHandlerMapping  : Mapped URL path [/**] onto handler of type [class org.springframework.web.servlet.resource.ResourceHttpRequestHandler]
2016-07-15 15:32:34.435  INFO 5676 --- [    Test worker] o.s.w.s.handler.SimpleUrlHandlerMapping  : Mapped URL path [/**/favicon.ico] onto handler of type [class org.springframework.web.servlet.resource.ResourceHttpRequestHandler]
2016-07-15 15:32:35.038  INFO 5676 --- [    Test worker] c.t.PitchesBeTrippinApplicationTests     : Started PitchesBeTrippinApplicationTests in 7.321 seconds (JVM running for 8.898)
]]></system-out>
  <system-err><![CDATA[]]></system-err>
</testsuite>
